[debug] [2024-02-20T05:36:50.560Z] ----------------------------------------------------------------------
[debug] [2024-02-20T05:36:50.564Z] Command:       C:\Program Files\nodejs\node.exe C:\Users\omara\AppData\Roaming\npm\node_modules\firebase-tools\lib\bin\firebase.js init
[debug] [2024-02-20T05:36:50.565Z] CLI Version:   13.3.0
[debug] [2024-02-20T05:36:50.565Z] Platform:      win32
[debug] [2024-02-20T05:36:50.566Z] Node Version:  v20.10.0
[debug] [2024-02-20T05:36:50.566Z] Time:          Tue Feb 20 2024 07:36:50 GMT+0200 (Eastern European Standard Time)
[debug] [2024-02-20T05:36:50.566Z] ----------------------------------------------------------------------
[debug] 
[debug] [2024-02-20T05:36:50.575Z] > command requires scopes: ["email","openid","https://www.googleapis.com/auth/cloudplatformprojects.readonly","https://www.googleapis.com/auth/firebase","https://www.googleapis.com/auth/cloud-platform"]
[debug] [2024-02-20T05:36:50.575Z] > authorizing via signed-in user (omarabozeid.pro@gmail.com)
[info] 
     ######## #### ########  ######## ########     ###     ######  ########
     ##        ##  ##     ## ##       ##     ##  ##   ##  ##       ##
     ######    ##  ########  ######   ########  #########  ######  ######
     ##        ##  ##    ##  ##       ##     ## ##     ##       ## ##
     ##       #### ##     ## ######## ########  ##     ##  ######  ########

You're about to initialize a Firebase project in this directory:

  D:\Projects\Shop\client

[info] 
=== Project Setup
[info] 
[info] First, let's associate this project directory with a Firebase project.
[info] You can create multiple project aliases by running firebase use --add, 
[info] but for now we'll just set up a default project.
[info] 
[info] i  If you want to create a project in a Google Cloud organization or folder, please use "firebase projects:create" instead, and return to this command when you've created the project. 
